[0.288s] DEBUG:colcon:Command line arguments: ['/usr/bin/colcon', 'build', '--symlink-install']
[0.288s] DEBUG:colcon:Parsed command line arguments: Namespace(log_base=None, log_level=None, verb_name='build', build_base='build', install_base='install', merge_install=False, symlink_install=True, test_result_base=None, continue_on_error=False, executor='parallel', parallel_workers=8, event_handlers=None, ignore_user_meta=False, metas=['./colcon.meta'], base_paths=['.'], packages_ignore=None, packages_ignore_regex=None, paths=None, packages_up_to=None, packages_up_to_regex=None, packages_above=None, packages_above_and_dependencies=None, packages_above_depth=None, packages_select_by_dep=None, packages_skip_by_dep=None, packages_skip_up_to=None, packages_select_build_failed=False, packages_skip_build_finished=False, packages_select_test_failures=False, packages_skip_test_passed=False, packages_select=None, packages_skip=None, packages_select_regex=None, packages_skip_regex=None, packages_start=None, packages_end=None, allow_overriding=[], cmake_args=None, cmake_target=None, cmake_target_skip_unavailable=False, cmake_clean_cache=False, cmake_clean_first=False, cmake_force_configure=False, ament_cmake_args=None, catkin_cmake_args=None, catkin_skip_building_tests=False, mixin_files=None, mixin=None, verb_parser=<colcon_mixin.mixin.mixin_argument.MixinArgumentDecorator object at 0x7f40afc89270>, verb_extension=<colcon_core.verb.build.BuildVerb object at 0x7f40afc88cd0>, main=<bound method BuildVerb.main of <colcon_core.verb.build.BuildVerb object at 0x7f40afc88cd0>>, mixin_verb=('build',))
[0.342s] Level 1:colcon.colcon_core.package_discovery:discover_packages(colcon_meta) check parameters
[0.342s] Level 1:colcon.colcon_core.package_discovery:discover_packages(recursive) check parameters
[0.342s] Level 1:colcon.colcon_core.package_discovery:discover_packages(ignore) check parameters
[0.342s] Level 1:colcon.colcon_core.package_discovery:discover_packages(path) check parameters
[0.342s] Level 1:colcon.colcon_core.package_discovery:discover_packages(colcon_meta) discover
[0.342s] Level 1:colcon.colcon_core.package_discovery:discover_packages(recursive) discover
[0.343s] INFO:colcon.colcon_core.package_discovery:Crawling recursively for packages in '/home/smkim/spatialai_tutorial/ROS2/advanced_ws'
[0.343s] Level 1:colcon.colcon_core.package_identification:_identify(.) by extensions ['ignore', 'ignore_ament_install']
[0.343s] Level 1:colcon.colcon_core.package_identification:_identify(.) by extension 'ignore'
[0.343s] Level 1:colcon.colcon_core.package_identification:_identify(.) by extension 'ignore_ament_install'
[0.343s] Level 1:colcon.colcon_core.package_identification:_identify(.) by extensions ['colcon_pkg']
[0.343s] Level 1:colcon.colcon_core.package_identification:_identify(.) by extension 'colcon_pkg'
[0.343s] Level 1:colcon.colcon_core.package_identification:_identify(.) by extensions ['colcon_meta']
[0.343s] Level 1:colcon.colcon_core.package_identification:_identify(.) by extension 'colcon_meta'
[0.343s] Level 1:colcon.colcon_core.package_identification:_identify(.) by extensions ['ros']
[0.343s] Level 1:colcon.colcon_core.package_identification:_identify(.) by extension 'ros'
[0.362s] Level 1:colcon.colcon_core.package_identification:_identify(.) by extensions ['cmake', 'python']
[0.362s] Level 1:colcon.colcon_core.package_identification:_identify(.) by extension 'cmake'
[0.363s] Level 1:colcon.colcon_core.package_identification:_identify(.) by extension 'python'
[0.363s] Level 1:colcon.colcon_core.package_identification:_identify(.) by extensions ['python_setup_py']
[0.363s] Level 1:colcon.colcon_core.package_identification:_identify(.) by extension 'python_setup_py'
[0.363s] Level 1:colcon.colcon_core.package_identification:_identify(build) by extensions ['ignore', 'ignore_ament_install']
[0.363s] Level 1:colcon.colcon_core.package_identification:_identify(build) by extension 'ignore'
[0.363s] Level 1:colcon.colcon_core.package_identification:_identify(build) ignored
[0.363s] Level 1:colcon.colcon_core.package_identification:_identify(install) by extensions ['ignore', 'ignore_ament_install']
[0.364s] Level 1:colcon.colcon_core.package_identification:_identify(install) by extension 'ignore'
[0.364s] Level 1:colcon.colcon_core.package_identification:_identify(install) ignored
[0.364s] Level 1:colcon.colcon_core.package_identification:_identify(log) by extensions ['ignore', 'ignore_ament_install']
[0.364s] Level 1:colcon.colcon_core.package_identification:_identify(log) by extension 'ignore'
[0.364s] Level 1:colcon.colcon_core.package_identification:_identify(log) ignored
[0.364s] Level 1:colcon.colcon_core.package_identification:_identify(src) by extensions ['ignore', 'ignore_ament_install']
[0.365s] Level 1:colcon.colcon_core.package_identification:_identify(src) by extension 'ignore'
[0.365s] Level 1:colcon.colcon_core.package_identification:_identify(src) by extension 'ignore_ament_install'
[0.365s] Level 1:colcon.colcon_core.package_identification:_identify(src) by extensions ['colcon_pkg']
[0.365s] Level 1:colcon.colcon_core.package_identification:_identify(src) by extension 'colcon_pkg'
[0.365s] Level 1:colcon.colcon_core.package_identification:_identify(src) by extensions ['colcon_meta']
[0.365s] Level 1:colcon.colcon_core.package_identification:_identify(src) by extension 'colcon_meta'
[0.365s] Level 1:colcon.colcon_core.package_identification:_identify(src) by extensions ['ros']
[0.365s] Level 1:colcon.colcon_core.package_identification:_identify(src) by extension 'ros'
[0.368s] DEBUG:colcon.colcon_core.package_identification:Package 'src' with type 'ros.ament_cmake' and name 'advanced_robot'
[0.368s] Level 1:colcon.colcon_core.package_discovery:discover_packages(recursive) using defaults
[0.368s] Level 1:colcon.colcon_core.package_discovery:discover_packages(ignore) discover
[0.368s] Level 1:colcon.colcon_core.package_discovery:discover_packages(ignore) using defaults
[0.368s] Level 1:colcon.colcon_core.package_discovery:discover_packages(path) discover
[0.368s] Level 1:colcon.colcon_core.package_discovery:discover_packages(path) using defaults
[0.396s] Level 1:colcon.colcon_core.package_discovery:discover_packages(prefix_path) check parameters
[0.397s] Level 1:colcon.colcon_core.package_discovery:discover_packages(prefix_path) discover
[0.403s] DEBUG:colcon.colcon_installed_package_information.package_discovery:Found 1 installed packages in /home/smkim/spatialai_tutorial/ROS2/advanced_ws/install
[0.404s] DEBUG:colcon.colcon_installed_package_information.package_discovery:Found 1 installed packages in /home/smkim/install
[0.405s] DEBUG:colcon.colcon_installed_package_information.package_discovery:Found 10 installed packages in /home/smkim/ros2_tutorials/robot_ws/install
[0.407s] DEBUG:colcon.colcon_installed_package_information.package_discovery:Found 306 installed packages in /opt/ros/humble
[0.408s] Level 1:colcon.colcon_core.package_discovery:discover_packages(prefix_path) using defaults
[0.470s] Level 5:colcon.colcon_core.verb:set package 'advanced_robot' build argument 'cmake_args' from command line to 'None'
[0.470s] Level 5:colcon.colcon_core.verb:set package 'advanced_robot' build argument 'cmake_target' from command line to 'None'
[0.470s] Level 5:colcon.colcon_core.verb:set package 'advanced_robot' build argument 'cmake_target_skip_unavailable' from command line to 'False'
[0.470s] Level 5:colcon.colcon_core.verb:set package 'advanced_robot' build argument 'cmake_clean_cache' from command line to 'False'
[0.470s] Level 5:colcon.colcon_core.verb:set package 'advanced_robot' build argument 'cmake_clean_first' from command line to 'False'
[0.470s] Level 5:colcon.colcon_core.verb:set package 'advanced_robot' build argument 'cmake_force_configure' from command line to 'False'
[0.471s] Level 5:colcon.colcon_core.verb:set package 'advanced_robot' build argument 'ament_cmake_args' from command line to 'None'
[0.471s] Level 5:colcon.colcon_core.verb:set package 'advanced_robot' build argument 'catkin_cmake_args' from command line to 'None'
[0.472s] Level 5:colcon.colcon_core.verb:set package 'advanced_robot' build argument 'catkin_skip_building_tests' from command line to 'False'
[0.472s] DEBUG:colcon.colcon_core.verb:Building package 'advanced_robot' with the following arguments: {'ament_cmake_args': None, 'build_base': '/home/smkim/spatialai_tutorial/ROS2/advanced_ws/build/advanced_robot', 'catkin_cmake_args': None, 'catkin_skip_building_tests': False, 'cmake_args': None, 'cmake_clean_cache': False, 'cmake_clean_first': False, 'cmake_force_configure': False, 'cmake_target': None, 'cmake_target_skip_unavailable': False, 'install_base': '/home/smkim/spatialai_tutorial/ROS2/advanced_ws/install/advanced_robot', 'merge_install': False, 'path': '/home/smkim/spatialai_tutorial/ROS2/advanced_ws/src', 'symlink_install': True, 'test_result_base': None}
[0.473s] INFO:colcon.colcon_core.executor:Executing jobs using 'parallel' executor
[0.475s] DEBUG:colcon.colcon_parallel_executor.executor.parallel:run_until_complete
[0.475s] INFO:colcon.colcon_ros.task.ament_cmake.build:Building ROS package in '/home/smkim/spatialai_tutorial/ROS2/advanced_ws/src' with build type 'ament_cmake'
[0.476s] INFO:colcon.colcon_cmake.task.cmake.build:Building CMake package in '/home/smkim/spatialai_tutorial/ROS2/advanced_ws/src'
[0.479s] INFO:colcon.colcon_core.plugin_system:Skipping extension 'colcon_core.shell.bat': Not used on non-Windows systems
[0.479s] INFO:colcon.colcon_core.shell:Skip shell extension 'powershell' for command environment: Not usable outside of PowerShell
[0.479s] DEBUG:colcon.colcon_core.shell:Skip shell extension 'dsv' for command environment
[0.498s] DEBUG:colcon.colcon_core.event_handler.log_command:Invoking command in '/home/smkim/spatialai_tutorial/ROS2/advanced_ws/build/advanced_robot': CMAKE_PREFIX_PATH=${CMAKE_PREFIX_PATH}:/home/smkim/install/calculator:/home/smkim/ros2_tutorials/robot_ws/install/urdf_tutorial_r2d2:/home/smkim/ros2_tutorials/robot_ws/install/tf2_python:/home/smkim/ros2_tutorials/robot_ws/install/ros2env:/home/smkim/ros2_tutorials/robot_ws/install/calculator:/home/smkim/ros2_tutorials/robot_ws/install/logger:/home/smkim/ros2_tutorials/robot_ws/install/basic_pkg:/opt/ros/humble /usr/bin/cmake --build /home/smkim/spatialai_tutorial/ROS2/advanced_ws/build/advanced_robot -- -j8 -l8
[0.540s] DEBUG:colcon.colcon_core.event_handler.log_command:Invoked command in '/home/smkim/spatialai_tutorial/ROS2/advanced_ws/build/advanced_robot' returned '0': CMAKE_PREFIX_PATH=${CMAKE_PREFIX_PATH}:/home/smkim/install/calculator:/home/smkim/ros2_tutorials/robot_ws/install/urdf_tutorial_r2d2:/home/smkim/ros2_tutorials/robot_ws/install/tf2_python:/home/smkim/ros2_tutorials/robot_ws/install/ros2env:/home/smkim/ros2_tutorials/robot_ws/install/calculator:/home/smkim/ros2_tutorials/robot_ws/install/logger:/home/smkim/ros2_tutorials/robot_ws/install/basic_pkg:/opt/ros/humble /usr/bin/cmake --build /home/smkim/spatialai_tutorial/ROS2/advanced_ws/build/advanced_robot -- -j8 -l8
[0.578s] DEBUG:colcon.colcon_core.event_handler.log_command:Invoking command in '/home/smkim/spatialai_tutorial/ROS2/advanced_ws/build/advanced_robot': CMAKE_PREFIX_PATH=${CMAKE_PREFIX_PATH}:/home/smkim/install/calculator:/home/smkim/ros2_tutorials/robot_ws/install/urdf_tutorial_r2d2:/home/smkim/ros2_tutorials/robot_ws/install/tf2_python:/home/smkim/ros2_tutorials/robot_ws/install/ros2env:/home/smkim/ros2_tutorials/robot_ws/install/calculator:/home/smkim/ros2_tutorials/robot_ws/install/logger:/home/smkim/ros2_tutorials/robot_ws/install/basic_pkg:/opt/ros/humble /usr/bin/cmake --install /home/smkim/spatialai_tutorial/ROS2/advanced_ws/build/advanced_robot
[0.608s] Level 1:colcon.colcon_core.environment:create_environment_scripts_only(advanced_robot)
[0.610s] DEBUG:colcon.colcon_core.event_handler.log_command:Invoked command in '/home/smkim/spatialai_tutorial/ROS2/advanced_ws/build/advanced_robot' returned '0': CMAKE_PREFIX_PATH=${CMAKE_PREFIX_PATH}:/home/smkim/install/calculator:/home/smkim/ros2_tutorials/robot_ws/install/urdf_tutorial_r2d2:/home/smkim/ros2_tutorials/robot_ws/install/tf2_python:/home/smkim/ros2_tutorials/robot_ws/install/ros2env:/home/smkim/ros2_tutorials/robot_ws/install/calculator:/home/smkim/ros2_tutorials/robot_ws/install/logger:/home/smkim/ros2_tutorials/robot_ws/install/basic_pkg:/opt/ros/humble /usr/bin/cmake --install /home/smkim/spatialai_tutorial/ROS2/advanced_ws/build/advanced_robot
[0.614s] Level 1:colcon.colcon_core.environment:checking '/home/smkim/spatialai_tutorial/ROS2/advanced_ws/install/advanced_robot' for CMake module files
[0.615s] Level 1:colcon.colcon_core.environment:checking '/home/smkim/spatialai_tutorial/ROS2/advanced_ws/install/advanced_robot' for CMake config files
[0.615s] Level 1:colcon.colcon_core.shell:create_environment_hook('advanced_robot', 'cmake_prefix_path')
[0.616s] INFO:colcon.colcon_core.shell:Creating environment hook '/home/smkim/spatialai_tutorial/ROS2/advanced_ws/install/advanced_robot/share/advanced_robot/hook/cmake_prefix_path.ps1'
[0.618s] INFO:colcon.colcon_core.shell:Creating environment descriptor '/home/smkim/spatialai_tutorial/ROS2/advanced_ws/install/advanced_robot/share/advanced_robot/hook/cmake_prefix_path.dsv'
[0.619s] INFO:colcon.colcon_core.shell:Creating environment hook '/home/smkim/spatialai_tutorial/ROS2/advanced_ws/install/advanced_robot/share/advanced_robot/hook/cmake_prefix_path.sh'
[0.620s] Level 1:colcon.colcon_core.environment:checking '/home/smkim/spatialai_tutorial/ROS2/advanced_ws/install/advanced_robot/lib'
[0.620s] Level 1:colcon.colcon_core.environment:checking '/home/smkim/spatialai_tutorial/ROS2/advanced_ws/install/advanced_robot/bin'
[0.620s] Level 1:colcon.colcon_core.environment:checking '/home/smkim/spatialai_tutorial/ROS2/advanced_ws/install/advanced_robot/lib/pkgconfig/advanced_robot.pc'
[0.620s] Level 1:colcon.colcon_core.environment:checking '/home/smkim/spatialai_tutorial/ROS2/advanced_ws/install/advanced_robot/lib/python3.10/site-packages'
[0.620s] Level 1:colcon.colcon_core.environment:checking '/home/smkim/spatialai_tutorial/ROS2/advanced_ws/install/advanced_robot/bin'
[0.621s] INFO:colcon.colcon_core.shell:Creating package script '/home/smkim/spatialai_tutorial/ROS2/advanced_ws/install/advanced_robot/share/advanced_robot/package.ps1'
[0.622s] INFO:colcon.colcon_core.shell:Creating package descriptor '/home/smkim/spatialai_tutorial/ROS2/advanced_ws/install/advanced_robot/share/advanced_robot/package.dsv'
[0.623s] INFO:colcon.colcon_core.shell:Creating package script '/home/smkim/spatialai_tutorial/ROS2/advanced_ws/install/advanced_robot/share/advanced_robot/package.sh'
[0.623s] INFO:colcon.colcon_core.shell:Creating package script '/home/smkim/spatialai_tutorial/ROS2/advanced_ws/install/advanced_robot/share/advanced_robot/package.bash'
[0.624s] INFO:colcon.colcon_core.shell:Creating package script '/home/smkim/spatialai_tutorial/ROS2/advanced_ws/install/advanced_robot/share/advanced_robot/package.zsh'
[0.625s] Level 1:colcon.colcon_core.environment:create_file_with_runtime_dependencies(/home/smkim/spatialai_tutorial/ROS2/advanced_ws/install/advanced_robot/share/colcon-core/packages/advanced_robot)
[0.652s] Level 1:colcon.colcon_core.environment:create_environment_scripts_only(advanced_robot)
[0.653s] Level 1:colcon.colcon_core.environment:checking '/home/smkim/spatialai_tutorial/ROS2/advanced_ws/install/advanced_robot' for CMake module files
[0.653s] Level 1:colcon.colcon_core.environment:checking '/home/smkim/spatialai_tutorial/ROS2/advanced_ws/install/advanced_robot' for CMake config files
[0.654s] Level 1:colcon.colcon_core.shell:create_environment_hook('advanced_robot', 'cmake_prefix_path')
[0.654s] INFO:colcon.colcon_core.shell:Creating environment hook '/home/smkim/spatialai_tutorial/ROS2/advanced_ws/install/advanced_robot/share/advanced_robot/hook/cmake_prefix_path.ps1'
[0.654s] INFO:colcon.colcon_core.shell:Creating environment descriptor '/home/smkim/spatialai_tutorial/ROS2/advanced_ws/install/advanced_robot/share/advanced_robot/hook/cmake_prefix_path.dsv'
[0.655s] INFO:colcon.colcon_core.shell:Creating environment hook '/home/smkim/spatialai_tutorial/ROS2/advanced_ws/install/advanced_robot/share/advanced_robot/hook/cmake_prefix_path.sh'
[0.655s] Level 1:colcon.colcon_core.environment:checking '/home/smkim/spatialai_tutorial/ROS2/advanced_ws/install/advanced_robot/lib'
[0.656s] Level 1:colcon.colcon_core.environment:checking '/home/smkim/spatialai_tutorial/ROS2/advanced_ws/install/advanced_robot/bin'
[0.656s] Level 1:colcon.colcon_core.environment:checking '/home/smkim/spatialai_tutorial/ROS2/advanced_ws/install/advanced_robot/lib/pkgconfig/advanced_robot.pc'
[0.656s] Level 1:colcon.colcon_core.environment:checking '/home/smkim/spatialai_tutorial/ROS2/advanced_ws/install/advanced_robot/lib/python3.10/site-packages'
[0.657s] Level 1:colcon.colcon_core.environment:checking '/home/smkim/spatialai_tutorial/ROS2/advanced_ws/install/advanced_robot/bin'
[0.657s] INFO:colcon.colcon_core.shell:Creating package script '/home/smkim/spatialai_tutorial/ROS2/advanced_ws/install/advanced_robot/share/advanced_robot/package.ps1'
[0.658s] INFO:colcon.colcon_core.shell:Creating package descriptor '/home/smkim/spatialai_tutorial/ROS2/advanced_ws/install/advanced_robot/share/advanced_robot/package.dsv'
[0.659s] INFO:colcon.colcon_core.shell:Creating package script '/home/smkim/spatialai_tutorial/ROS2/advanced_ws/install/advanced_robot/share/advanced_robot/package.sh'
[0.660s] INFO:colcon.colcon_core.shell:Creating package script '/home/smkim/spatialai_tutorial/ROS2/advanced_ws/install/advanced_robot/share/advanced_robot/package.bash'
[0.660s] INFO:colcon.colcon_core.shell:Creating package script '/home/smkim/spatialai_tutorial/ROS2/advanced_ws/install/advanced_robot/share/advanced_robot/package.zsh'
[0.661s] Level 1:colcon.colcon_core.environment:create_file_with_runtime_dependencies(/home/smkim/spatialai_tutorial/ROS2/advanced_ws/install/advanced_robot/share/colcon-core/packages/advanced_robot)
[0.662s] DEBUG:colcon.colcon_parallel_executor.executor.parallel:closing loop
[0.663s] DEBUG:colcon.colcon_parallel_executor.executor.parallel:loop closed
[0.663s] DEBUG:colcon.colcon_parallel_executor.executor.parallel:run_until_complete finished with '0'
[0.663s] DEBUG:colcon.colcon_core.event_reactor:joining thread
[0.671s] INFO:colcon.colcon_core.plugin_system:Skipping extension 'colcon_notification.desktop_notification.terminal_notifier': Not used on non-Darwin systems
[0.672s] INFO:colcon.colcon_core.plugin_system:Skipping extension 'colcon_notification.desktop_notification.win32': Not used on non-Windows systems
[0.672s] INFO:colcon.colcon_notification.desktop_notification:Sending desktop notification using 'notify2'
[0.673s] DEBUG:colcon.colcon_notification.desktop_notification.notify2:Failed to initialize notify2: org.freedesktop.DBus.Error.ServiceUnknown: The name org.freedesktop.Notifications was not provided by any .service files
[0.673s] DEBUG:colcon.colcon_core.event_reactor:joined thread
[0.674s] INFO:colcon.colcon_core.shell:Creating prefix script '/home/smkim/spatialai_tutorial/ROS2/advanced_ws/install/local_setup.ps1'
[0.675s] INFO:colcon.colcon_core.shell:Creating prefix util module '/home/smkim/spatialai_tutorial/ROS2/advanced_ws/install/_local_setup_util_ps1.py'
[0.677s] INFO:colcon.colcon_core.shell:Creating prefix chain script '/home/smkim/spatialai_tutorial/ROS2/advanced_ws/install/setup.ps1'
[0.680s] INFO:colcon.colcon_core.shell:Creating prefix script '/home/smkim/spatialai_tutorial/ROS2/advanced_ws/install/local_setup.sh'
[0.681s] INFO:colcon.colcon_core.shell:Creating prefix util module '/home/smkim/spatialai_tutorial/ROS2/advanced_ws/install/_local_setup_util_sh.py'
[0.682s] INFO:colcon.colcon_core.shell:Creating prefix chain script '/home/smkim/spatialai_tutorial/ROS2/advanced_ws/install/setup.sh'
[0.685s] INFO:colcon.colcon_core.shell:Creating prefix script '/home/smkim/spatialai_tutorial/ROS2/advanced_ws/install/local_setup.bash'
[0.686s] INFO:colcon.colcon_core.shell:Creating prefix chain script '/home/smkim/spatialai_tutorial/ROS2/advanced_ws/install/setup.bash'
[0.689s] INFO:colcon.colcon_core.shell:Creating prefix script '/home/smkim/spatialai_tutorial/ROS2/advanced_ws/install/local_setup.zsh'
[0.691s] INFO:colcon.colcon_core.shell:Creating prefix chain script '/home/smkim/spatialai_tutorial/ROS2/advanced_ws/install/setup.zsh'
