[0.014s] Invoking command in '/home/smkim/spatialai_tutorial/ROS2/advanced_ws/build/advanced_robot': CMAKE_PREFIX_PATH=/opt/ros/humble /usr/bin/cmake --build /home/smkim/spatialai_tutorial/ROS2/advanced_ws/build/advanced_robot -- -j8 -l8
[0.075s] Invoked command in '/home/smkim/spatialai_tutorial/ROS2/advanced_ws/build/advanced_robot' returned '0': CMAKE_PREFIX_PATH=/opt/ros/humble /usr/bin/cmake --build /home/smkim/spatialai_tutorial/ROS2/advanced_ws/build/advanced_robot -- -j8 -l8
[0.098s] Invoking command in '/home/smkim/spatialai_tutorial/ROS2/advanced_ws/build/advanced_robot': CMAKE_PREFIX_PATH=/opt/ros/humble /usr/bin/cmake --install /home/smkim/spatialai_tutorial/ROS2/advanced_ws/build/advanced_robot
[0.104s] -- Install configuration: ""
[0.107s] -- Execute custom install script
[0.108s] -- Up-to-date symlink: /home/smkim/spatialai_tutorial/ROS2/advanced_ws/install/advanced_robot/share/advanced_robot/config/empty.yaml
[0.108s] -- Up-to-date symlink: /home/smkim/spatialai_tutorial/ROS2/advanced_ws/install/advanced_robot/share/advanced_robot/description/gazebo_control.xacro
[0.109s] -- Up-to-date symlink: /home/smkim/spatialai_tutorial/ROS2/advanced_ws/install/advanced_robot/share/advanced_robot/description/inertial_macros.xacro
[0.109s] -- Up-to-date symlink: /home/smkim/spatialai_tutorial/ROS2/advanced_ws/install/advanced_robot/share/advanced_robot/description/material_color.xacro
[0.109s] -- Up-to-date symlink: /home/smkim/spatialai_tutorial/ROS2/advanced_ws/install/advanced_robot/share/advanced_robot/description/robot.urdf.xacro
[0.109s] -- Up-to-date symlink: /home/smkim/spatialai_tutorial/ROS2/advanced_ws/install/advanced_robot/share/advanced_robot/description/robot_core.xacro
[0.109s] -- Up-to-date symlink: /home/smkim/spatialai_tutorial/ROS2/advanced_ws/install/advanced_robot/share/advanced_robot/launch/launch_sim.launch.py
[0.109s] -- Up-to-date symlink: /home/smkim/spatialai_tutorial/ROS2/advanced_ws/install/advanced_robot/share/advanced_robot/launch/rsp.launch.py
[0.109s] -- Up-to-date symlink: /home/smkim/spatialai_tutorial/ROS2/advanced_ws/install/advanced_robot/share/advanced_robot/worlds/empty.world
[0.110s] -- Up-to-date symlink: /home/smkim/spatialai_tutorial/ROS2/advanced_ws/install/advanced_robot/share/ament_index/resource_index/package_run_dependencies/advanced_robot
[0.110s] -- Up-to-date symlink: /home/smkim/spatialai_tutorial/ROS2/advanced_ws/install/advanced_robot/share/ament_index/resource_index/parent_prefix_path/advanced_robot
[0.110s] -- Up-to-date symlink: /home/smkim/spatialai_tutorial/ROS2/advanced_ws/install/advanced_robot/share/advanced_robot/environment/ament_prefix_path.sh
[0.110s] -- Up-to-date symlink: /home/smkim/spatialai_tutorial/ROS2/advanced_ws/install/advanced_robot/share/advanced_robot/environment/ament_prefix_path.dsv
[0.110s] -- Up-to-date symlink: /home/smkim/spatialai_tutorial/ROS2/advanced_ws/install/advanced_robot/share/advanced_robot/environment/path.sh
[0.110s] -- Up-to-date symlink: /home/smkim/spatialai_tutorial/ROS2/advanced_ws/install/advanced_robot/share/advanced_robot/environment/path.dsv
[0.111s] -- Up-to-date symlink: /home/smkim/spatialai_tutorial/ROS2/advanced_ws/install/advanced_robot/share/advanced_robot/local_setup.bash
[0.111s] -- Up-to-date symlink: /home/smkim/spatialai_tutorial/ROS2/advanced_ws/install/advanced_robot/share/advanced_robot/local_setup.sh
[0.111s] -- Up-to-date symlink: /home/smkim/spatialai_tutorial/ROS2/advanced_ws/install/advanced_robot/share/advanced_robot/local_setup.zsh
[0.111s] -- Up-to-date symlink: /home/smkim/spatialai_tutorial/ROS2/advanced_ws/install/advanced_robot/share/advanced_robot/local_setup.dsv
[0.111s] -- Symlinking: /home/smkim/spatialai_tutorial/ROS2/advanced_ws/install/advanced_robot/share/advanced_robot/package.dsv
[0.120s] -- Up-to-date symlink: /home/smkim/spatialai_tutorial/ROS2/advanced_ws/install/advanced_robot/share/ament_index/resource_index/packages/advanced_robot
[0.120s] -- Up-to-date symlink: /home/smkim/spatialai_tutorial/ROS2/advanced_ws/install/advanced_robot/share/advanced_robot/cmake/advanced_robotConfig.cmake
[0.120s] -- Up-to-date symlink: /home/smkim/spatialai_tutorial/ROS2/advanced_ws/install/advanced_robot/share/advanced_robot/cmake/advanced_robotConfig-version.cmake
[0.120s] -- Up-to-date symlink: /home/smkim/spatialai_tutorial/ROS2/advanced_ws/install/advanced_robot/share/advanced_robot/package.xml
[0.122s] Invoked command in '/home/smkim/spatialai_tutorial/ROS2/advanced_ws/build/advanced_robot' returned '0': CMAKE_PREFIX_PATH=/opt/ros/humble /usr/bin/cmake --install /home/smkim/spatialai_tutorial/ROS2/advanced_ws/build/advanced_robot
